Performing C SOURCE FILE Test CMAKE_HAVE_LIBC_PTHREAD failed with the following output:
Change Dir: /home/edguer/Projects/libbpfapi_bsd/build/CMakeFiles/CMakeTmp

Run Build Command(s):/usr/bin/ninja cmTC_a0bf8 && [1/2] Building C object CMakeFiles/cmTC_a0bf8.dir/src.c.o
[2/2] Linking C executable cmTC_a0bf8
FAILED: cmTC_a0bf8 
: && /usr/bin/clang -DCMAKE_HAVE_LIBC_PTHREAD   CMakeFiles/cmTC_a0bf8.dir/src.c.o  -o cmTC_a0bf8   && :
/usr/bin/ld: CMakeFiles/cmTC_a0bf8.dir/src.c.o: in function `main':
src.c:(.text+0x35): undefined reference to `pthread_create'
/usr/bin/ld: src.c:(.text+0x41): undefined reference to `pthread_detach'
/usr/bin/ld: src.c:(.text+0x53): undefined reference to `pthread_join'
clang: error: linker command failed with exit code 1 (use -v to see invocation)
ninja: build stopped: subcommand failed.


Source file was:
#include <pthread.h>

void* test_func(void* data)
{
  return data;
}

int main(void)
{
  pthread_t thread;
  pthread_create(&thread, NULL, test_func, NULL);
  pthread_detach(thread);
  pthread_join(thread, NULL);
  pthread_atfork(NULL, NULL, NULL);
  pthread_exit(NULL);

  return 0;
}

